0 info it worked if it ends with ok
1 verbose cli [ '/usr/local/bin/node',
1 verbose cli   '/usr/local/bin/npm',
1 verbose cli   'run',
1 verbose cli   'devserver' ]
2 info using npm@3.8.5
3 info using node@v4.2.2
4 verbose run-script [ 'predevserver', 'devserver', 'postdevserver' ]
5 info lifecycle locallambda@1.0.0~predevserver: locallambda@1.0.0
6 silly lifecycle locallambda@1.0.0~predevserver: no script for predevserver, continuing
7 info lifecycle locallambda@1.0.0~devserver: locallambda@1.0.0
8 verbose lifecycle locallambda@1.0.0~devserver: unsafe-perm in lifecycle true
9 verbose lifecycle locallambda@1.0.0~devserver: PATH: /usr/local/lib/node_modules/npm/bin/node-gyp-bin:/Users/damirdurmo/Documents/Projects/SeriousOne/node_modules/.bin:/usr/local/bin:/usr/local/lib/dnx/runtimes/dnx-coreclr-darwin-x64.1.0.0-rc1-update1/bin:/usr/local/bin:/usr/bin:/bin:/usr/sbin:/sbin:/opt/X11/bin:/usr/local/git/bin:/Users/damirdurmo/.dnx/bin
10 verbose lifecycle locallambda@1.0.0~devserver: CWD: /Users/damirdurmo/Documents/Projects/SeriousOne
11 silly lifecycle locallambda@1.0.0~devserver: Args: [ '-c', 'cross-env NODE_ENV=development node server.js' ]
12 silly lifecycle locallambda@1.0.0~devserver: Returned: code: 1  signal: null
13 info lifecycle locallambda@1.0.0~devserver: Failed to exec devserver script
14 verbose stack Error: locallambda@1.0.0 devserver: `cross-env NODE_ENV=development node server.js`
14 verbose stack Exit status 1
14 verbose stack     at EventEmitter.<anonymous> (/usr/local/lib/node_modules/npm/lib/utils/lifecycle.js:239:16)
14 verbose stack     at emitTwo (events.js:87:13)
14 verbose stack     at EventEmitter.emit (events.js:172:7)
14 verbose stack     at ChildProcess.<anonymous> (/usr/local/lib/node_modules/npm/lib/utils/spawn.js:24:14)
14 verbose stack     at emitTwo (events.js:87:13)
14 verbose stack     at ChildProcess.emit (events.js:172:7)
14 verbose stack     at maybeClose (internal/child_process.js:818:16)
14 verbose stack     at Process.ChildProcess._handle.onexit (internal/child_process.js:211:5)
15 verbose pkgid locallambda@1.0.0
16 verbose cwd /Users/damirdurmo/Documents/Projects/SeriousOne
17 error Darwin 15.2.0
18 error argv "/usr/local/bin/node" "/usr/local/bin/npm" "run" "devserver"
19 error node v4.2.2
20 error npm  v3.8.5
21 error code ELIFECYCLE
22 error locallambda@1.0.0 devserver: `cross-env NODE_ENV=development node server.js`
22 error Exit status 1
23 error Failed at the locallambda@1.0.0 devserver script 'cross-env NODE_ENV=development node server.js'.
23 error Make sure you have the latest version of node.js and npm installed.
23 error If you do, this is most likely a problem with the locallambda package,
23 error not with npm itself.
23 error Tell the author that this fails on your system:
23 error     cross-env NODE_ENV=development node server.js
23 error You can get information on how to open an issue for this project with:
23 error     npm bugs locallambda
23 error Or if that isn't available, you can get their info via:
23 error     npm owner ls locallambda
23 error There is likely additional logging output above.
24 verbose exit [ 1, true ]
